<?xml version="1.0" encoding="UTF-8"?>
<!-- Generated by org.testng.reporters.JUnitXMLReporter -->
<testsuite ignored="0" hostname="DESKTOP-AV4D4UB" failures="0" tests="6" name="Chrome Test" time="30.902" errors="0" timestamp="2024-04-27T15:46:45 IST">
  <testcase classname="TestNG.Facebook_ForgottenPassword" name="@BeforeMethod launchForgootenPassword" time="4.309">
    <failure type="java.lang.NullPointerException" message="Cannot invoke &amp;quot;POM.ForgottenPassword.sendUserName(String)&amp;quot; because &amp;quot;this.password&amp;quot; is null">
      <![CDATA[java.lang.NullPointerException: Cannot invoke "POM.ForgottenPassword.sendUserName(String)" because "this.password" is null
at TestNG.Facebook_ForgottenPassword.launchForgootenPassword(Facebook_ForgottenPassword.java:56)
at java.base/java.util.concurrent.Executors$RunnableAdapter.call(Executors.java:577)
at java.base/java.util.concurrent.FutureTask.run(FutureTask.java:317)
at java.base/java.util.concurrent.ThreadPoolExecutor.runWorker(ThreadPoolExecutor.java:1144)
at java.base/java.util.concurrent.ThreadPoolExecutor$Worker.run(ThreadPoolExecutor.java:642)
at java.base/java.lang.Thread.run(Thread.java:1623)
... Removed 15 stack frames]]>
    </failure>
  </testcase> <!-- @BeforeMethod launchForgootenPassword -->
  <testcase classname="TestNG.Facebook_ForgottenPassword" name="@AfterMethod afterMethod" time="0.0">
    <skipped/>
  </testcase> <!-- @AfterMethod afterMethod -->
  <testcase classname="TestNG.Facebook_ForgottenPassword" name="@BeforeMethod launchForgootenPassword" time="0.0">
    <skipped/>
  </testcase> <!-- @BeforeMethod launchForgootenPassword -->
  <testcase classname="TestNG.Facebook_ForgottenPassword" name="@AfterMethod afterMethod" time="0.0">
    <skipped/>
  </testcase> <!-- @AfterMethod afterMethod -->
  <testcase classname="TestNG.Facebook_ForgottenPassword" name="@BeforeMethod launchForgootenPassword" time="0.0">
    <skipped/>
  </testcase> <!-- @BeforeMethod launchForgootenPassword -->
  <testcase classname="TestNG.Facebook_ForgottenPassword" name="@AfterMethod afterMethod" time="0.0">
    <skipped/>
  </testcase> <!-- @AfterMethod afterMethod -->
  <testcase classname="TestNG.Facebook_ForgottenPassword" name="@BeforeMethod launchForgootenPassword" time="0.0">
    <skipped/>
  </testcase> <!-- @BeforeMethod launchForgootenPassword -->
  <testcase classname="TestNG.Facebook_ForgottenPassword" name="@AfterMethod afterMethod" time="0.0">
    <skipped/>
  </testcase> <!-- @AfterMethod afterMethod -->
  <testcase classname="TestNG.Facebook_ForgottenPassword" name="@AfterClass afterClass" time="0.0">
    <skipped/>
  </testcase> <!-- @AfterClass afterClass -->
  <testcase classname="TestNG.FacebookSignupPage_Test" name="@BeforeMethod SignupButton" time="9.106">
    <failure type="java.lang.NullPointerException" message="Cannot invoke &amp;quot;POM.module.FacebookSignupPage.createAccount()&amp;quot; because &amp;quot;this.signup&amp;quot; is null">
      <![CDATA[java.lang.NullPointerException: Cannot invoke "POM.module.FacebookSignupPage.createAccount()" because "this.signup" is null
at TestNG.FacebookSignupPage_Test.SignupButton(FacebookSignupPage_Test.java:65)
at java.base/java.util.concurrent.Executors$RunnableAdapter.call(Executors.java:577)
at java.base/java.util.concurrent.FutureTask.run(FutureTask.java:317)
at java.base/java.util.concurrent.ThreadPoolExecutor.runWorker(ThreadPoolExecutor.java:1144)
at java.base/java.util.concurrent.ThreadPoolExecutor$Worker.run(ThreadPoolExecutor.java:642)
at java.base/java.lang.Thread.run(Thread.java:1623)
... Removed 15 stack frames]]>
    </failure>
  </testcase> <!-- @BeforeMethod SignupButton -->
  <testcase classname="TestNG.FacebookSignupPage_Test" name="@AfterMethod TakeScreenShots" time="0.0">
    <skipped/>
  </testcase> <!-- @AfterMethod TakeScreenShots -->
  <testcase classname="TestNG.FacebookSignupPage_Test" name="@BeforeMethod SignupButton" time="0.0">
    <skipped/>
  </testcase> <!-- @BeforeMethod SignupButton -->
  <testcase classname="TestNG.FacebookSignupPage_Test" name="@AfterMethod TakeScreenShots" time="0.0">
    <skipped/>
  </testcase> <!-- @AfterMethod TakeScreenShots -->
  <testcase classname="TestNG.FacebookSignupPage_Test" name="@AfterClass afterClass" time="0.0">
    <skipped/>
  </testcase> <!-- @AfterClass afterClass -->
  <testcase classname="TestNG.FacebookSignupPage_Test" name="@AfterTest CloseBrowser" time="0.0">
    <skipped/>
  </testcase> <!-- @AfterTest CloseBrowser -->
  <testcase classname="TestNG.Facebook_ForgottenPassword" name="@AfterTest CloseBrowser" time="0.0">
    <skipped/>
  </testcase> <!-- @AfterTest CloseBrowser -->
  <testcase classname="TestNG.Facebook_ForgottenPassword" name="VerifyPasswordWithValidEmail" time="0.0">
    <skipped/>
  </testcase> <!-- VerifyPasswordWithValidEmail -->
  <testcase classname="TestNG.Facebook_ForgottenPassword" name="VerifyPasswordWithinvalidEmail" time="0.001">
    <skipped/>
  </testcase> <!-- VerifyPasswordWithinvalidEmail -->
  <testcase classname="TestNG.Facebook_ForgottenPassword" name="VerifyPasswordWithValidEmail1" time="0.001">
    <skipped/>
  </testcase> <!-- VerifyPasswordWithValidEmail1 -->
  <testcase classname="TestNG.Facebook_ForgottenPassword" name="VerifyPasswordWithinvalidEmail1" time="0.0">
    <skipped/>
  </testcase> <!-- VerifyPasswordWithinvalidEmail1 -->
  <testcase classname="TestNG.FacebookSignupPage_Test" name="VerifySignupPageforMale" time="0.003">
    <skipped/>
  </testcase> <!-- VerifySignupPageforMale -->
  <testcase classname="TestNG.FacebookSignupPage_Test" name="VerifySignupforFemale" time="0.0">
    <skipped/>
  </testcase> <!-- VerifySignupforFemale -->
</testsuite> <!-- Chrome Test -->
