<?xml version="1.0" encoding="UTF-8"?>
<!-- Generated by org.testng.reporters.JUnitXMLReporter -->
<testsuite ignored="0" hostname="DESKTOP-AV4D4UB" failures="0" tests="4" name="ChromeTest" time="17.456" errors="0" timestamp="2024-05-05T13:39:07 IST">
  <testcase classname="TestNG.Facebook_ForgottenPassword" name="@BeforeMethod launchForgootenPassword" time="4.172">
    <failure type="java.io.FileNotFoundException" message="D:\Jagdish Bhondekar\OneDrive\Desktop (Access is denied)">
      <![CDATA[java.io.FileNotFoundException: D:\Jagdish Bhondekar\OneDrive\Desktop (Access is denied)
at java.base/java.io.FileInputStream.open0(Native Method)
at java.base/java.io.FileInputStream.open(FileInputStream.java:219)
at java.base/java.io.FileInputStream.<init>(FileInputStream.java:158)
at java.base/java.io.FileInputStream.<init>(FileInputStream.java:112)
at utils.Utility.getDataFromExcelSheet(Utility.java:24)
at TestNG.Facebook_ForgottenPassword.launchForgootenPassword(Facebook_ForgottenPassword.java:64)
at java.base/java.util.concurrent.Executors$RunnableAdapter.call(Executors.java:577)
at java.base/java.util.concurrent.FutureTask.run(FutureTask.java:317)
at java.base/java.util.concurrent.ThreadPoolExecutor.runWorker(ThreadPoolExecutor.java:1144)
at java.base/java.util.concurrent.ThreadPoolExecutor$Worker.run(ThreadPoolExecutor.java:642)
at java.base/java.lang.Thread.run(Thread.java:1623)
... Removed 15 stack frames]]>
    </failure>
  </testcase> <!-- @BeforeMethod launchForgootenPassword -->
  <testcase classname="TestNG.Facebook_ForgottenPassword" name="@AfterMethod capturescreenshotFailedTest" time="0.0">
    <skipped/>
  </testcase> <!-- @AfterMethod capturescreenshotFailedTest -->
  <testcase classname="TestNG.Facebook_ForgottenPassword" name="@BeforeMethod launchForgootenPassword" time="0.0">
    <skipped/>
  </testcase> <!-- @BeforeMethod launchForgootenPassword -->
  <testcase classname="TestNG.Facebook_ForgottenPassword" name="@AfterMethod capturescreenshotFailedTest" time="0.0">
    <skipped/>
  </testcase> <!-- @AfterMethod capturescreenshotFailedTest -->
  <testcase classname="TestNG.Facebook_ForgottenPassword" name="@BeforeMethod launchForgootenPassword" time="0.0">
    <skipped/>
  </testcase> <!-- @BeforeMethod launchForgootenPassword -->
  <testcase classname="TestNG.Facebook_ForgottenPassword" name="@AfterMethod capturescreenshotFailedTest" time="0.0">
    <skipped/>
  </testcase> <!-- @AfterMethod capturescreenshotFailedTest -->
  <testcase classname="TestNG.Facebook_ForgottenPassword" name="@BeforeMethod launchForgootenPassword" time="0.0">
    <skipped/>
  </testcase> <!-- @BeforeMethod launchForgootenPassword -->
  <testcase classname="TestNG.Facebook_ForgottenPassword" name="@AfterMethod capturescreenshotFailedTest" time="0.0">
    <skipped/>
  </testcase> <!-- @AfterMethod capturescreenshotFailedTest -->
  <testcase classname="TestNG.Facebook_ForgottenPassword" name="@AfterClass afterClass" time="0.0">
    <skipped/>
  </testcase> <!-- @AfterClass afterClass -->
  <testcase classname="TestNG.Facebook_ForgottenPassword" name="@AfterTest CloseBrowser" time="0.0">
    <skipped/>
  </testcase> <!-- @AfterTest CloseBrowser -->
  <testcase classname="TestNG.Facebook_ForgottenPassword" name="VerifyPasswordWithValidEmail" time="0.002">
    <skipped/>
  </testcase> <!-- VerifyPasswordWithValidEmail -->
  <testcase classname="TestNG.Facebook_ForgottenPassword" name="VerifyPasswordWithinvalidEmail" time="0.0">
    <skipped/>
  </testcase> <!-- VerifyPasswordWithinvalidEmail -->
  <testcase classname="TestNG.Facebook_ForgottenPassword" name="VerifyPasswordWithValidEmail1" time="0.028">
    <skipped/>
  </testcase> <!-- VerifyPasswordWithValidEmail1 -->
  <testcase classname="TestNG.Facebook_ForgottenPassword" name="VerifyPasswordWithinvalidEmail1" time="0.0">
    <skipped/>
  </testcase> <!-- VerifyPasswordWithinvalidEmail1 -->
</testsuite> <!-- ChromeTest -->
