<?xml version="1.0" encoding="UTF-8"?>
<testng-results ignored="0" total="6" passed="0" failed="6" skipped="0">
  <reporter-output>
  </reporter-output>
  <suite started-at="2024-05-05T10:17:40 IST" name="InstagramSuite" finished-at="2024-05-05T10:18:05 IST" duration-ms="25404">
    <groups>
    </groups>
    <test started-at="2024-05-05T10:17:40 IST" name="Chrome" finished-at="2024-05-05T10:17:52 IST" duration-ms="11822">
      <class name="TestNG.LoginInstagramTest">
        <test-method is-config="true" signature="LaunchBrowser(java.lang.String)[pri:0, instance:TestNG.LoginInstagramTest@f5958c9]" started-at="2024-05-05T10:17:40 IST" name="LaunchBrowser" finished-at="2024-05-05T10:17:49 IST" duration-ms="9219" status="PASS">
          <params>
            <param index="0">
              <value>
                <![CDATA[Chrome]]>
              </value>
            </param>
          </params>
          <reporter-output>
          </reporter-output>
        </test-method> <!-- LaunchBrowser -->
        <test-method is-config="true" signature="beforeClass()[pri:0, instance:TestNG.LoginInstagramTest@f5958c9]" started-at="2024-05-05T10:17:49 IST" name="beforeClass" finished-at="2024-05-05T10:17:49 IST" duration-ms="228" status="PASS">
          <reporter-output>
          </reporter-output>
        </test-method> <!-- beforeClass -->
        <test-method signature="LoginInvalid(java.lang.String,java.lang.String)[pri:0, instance:TestNG.LoginInstagramTest@f5958c9]" started-at="2024-05-05T10:17:49 IST" name="LoginInvalid" finished-at="2024-05-05T10:17:49 IST" duration-ms="0" status="FAIL">
          <exception class="org.testng.TestNGException">
            <message>
              <![CDATA[
Method public void TestNG.LoginInstagramTest.LoginInvalid(java.lang.String,java.lang.String) requires a @DataProvider named : LoginTestData.xlsx]]>
            </message>
            <full-stacktrace>
              <![CDATA[org.testng.TestNGException: 
Method public void TestNG.LoginInstagramTest.LoginInvalid(java.lang.String,java.lang.String) requires a @DataProvider named : LoginTestData.xlsx
at org.testng.internal.Parameters.findDataProvider(Parameters.java:535)
at org.testng.internal.Parameters.handleParameters(Parameters.java:772)
at org.testng.internal.Parameters.handleParameters(Parameters.java:737)
at org.testng.internal.invokers.ParameterHandler.handleParameters(ParameterHandler.java:72)
at org.testng.internal.invokers.ParameterHandler.createParameters(ParameterHandler.java:51)
at org.testng.internal.invokers.TestInvoker$MethodInvocationAgent.invoke(TestInvoker.java:915)
at org.testng.internal.invokers.TestInvoker.invokeTestMethods(TestInvoker.java:201)
at org.testng.internal.invokers.TestMethodWorker.invokeTestMethods(TestMethodWorker.java:148)
at org.testng.internal.invokers.TestMethodWorker.run(TestMethodWorker.java:128)
at java.base/java.util.concurrent.Executors$RunnableAdapter.call(Executors.java:577)
at java.base/java.util.concurrent.FutureTask.run(FutureTask.java:317)
at org.testng.internal.thread.graph.TestNGFutureTask.run(TestNGFutureTask.java:22)
at java.base/java.util.concurrent.ThreadPoolExecutor.runWorker(ThreadPoolExecutor.java:1144)
at java.base/java.util.concurrent.ThreadPoolExecutor$Worker.run(ThreadPoolExecutor.java:642)
at java.base/java.lang.Thread.run(Thread.java:1623)
]]>
            </full-stacktrace>
          </exception> <!-- org.testng.TestNGException -->
          <reporter-output>
          </reporter-output>
        </test-method> <!-- LoginInvalid -->
        <test-method signature="LoginValid(java.lang.String,java.lang.String)[pri:0, instance:TestNG.LoginInstagramTest@f5958c9]" started-at="2024-05-05T10:17:49 IST" name="LoginValid" finished-at="2024-05-05T10:17:49 IST" duration-ms="0" status="FAIL">
          <exception class="org.testng.TestNGException">
            <message>
              <![CDATA[
Method public void TestNG.LoginInstagramTest.LoginValid(java.lang.String,java.lang.String) requires a @DataProvider named : LoginTestData.xlsx]]>
            </message>
            <full-stacktrace>
              <![CDATA[org.testng.TestNGException: 
Method public void TestNG.LoginInstagramTest.LoginValid(java.lang.String,java.lang.String) requires a @DataProvider named : LoginTestData.xlsx
at org.testng.internal.Parameters.findDataProvider(Parameters.java:535)
at org.testng.internal.Parameters.handleParameters(Parameters.java:772)
at org.testng.internal.Parameters.handleParameters(Parameters.java:737)
at org.testng.internal.invokers.ParameterHandler.handleParameters(ParameterHandler.java:72)
at org.testng.internal.invokers.ParameterHandler.createParameters(ParameterHandler.java:51)
at org.testng.internal.invokers.TestInvoker$MethodInvocationAgent.invoke(TestInvoker.java:915)
at org.testng.internal.invokers.TestInvoker.invokeTestMethods(TestInvoker.java:201)
at org.testng.internal.invokers.TestMethodWorker.invokeTestMethods(TestMethodWorker.java:148)
at org.testng.internal.invokers.TestMethodWorker.run(TestMethodWorker.java:128)
at java.base/java.util.concurrent.Executors$RunnableAdapter.call(Executors.java:577)
at java.base/java.util.concurrent.FutureTask.run(FutureTask.java:317)
at org.testng.internal.thread.graph.TestNGFutureTask.run(TestNGFutureTask.java:22)
at java.base/java.util.concurrent.ThreadPoolExecutor.runWorker(ThreadPoolExecutor.java:1144)
at java.base/java.util.concurrent.ThreadPoolExecutor$Worker.run(ThreadPoolExecutor.java:642)
at java.base/java.lang.Thread.run(Thread.java:1623)
]]>
            </full-stacktrace>
          </exception> <!-- org.testng.TestNGException -->
          <reporter-output>
          </reporter-output>
        </test-method> <!-- LoginValid -->
        <test-method is-config="true" signature="afterClass()[pri:0, instance:TestNG.LoginInstagramTest@f5958c9]" started-at="2024-05-05T10:17:50 IST" name="afterClass" finished-at="2024-05-05T10:17:50 IST" duration-ms="4" status="PASS">
          <reporter-output>
          </reporter-output>
        </test-method> <!-- afterClass -->
        <test-method is-config="true" signature="CloseBrowser()[pri:0, instance:TestNG.LoginInstagramTest@f5958c9]" started-at="2024-05-05T10:17:50 IST" name="CloseBrowser" finished-at="2024-05-05T10:17:52 IST" duration-ms="2150" status="PASS">
          <reporter-output>
          </reporter-output>
        </test-method> <!-- CloseBrowser -->
      </class> <!-- TestNG.LoginInstagramTest -->
    </test> <!-- Chrome -->
    <test started-at="2024-05-05T10:17:52 IST" name="FireFox" finished-at="2024-05-05T10:17:52 IST" duration-ms="114">
      <class name="TestNG.LoginInstagramTest">
        <test-method is-config="true" signature="LaunchBrowser(java.lang.String)[pri:0, instance:TestNG.LoginInstagramTest@131ef10]" started-at="2024-05-05T10:17:52 IST" name="LaunchBrowser" finished-at="2024-05-05T10:17:52 IST" duration-ms="6" status="FAIL">
          <params>
            <param index="0">
              <value>
                <![CDATA[FireFox]]>
              </value>
            </param>
          </params>
          <exception class="java.lang.NullPointerException">
            <message>
              <![CDATA[Cannot invoke "org.openqa.selenium.WebDriver.manage()" because "this.driver" is null]]>
            </message>
            <full-stacktrace>
              <![CDATA[java.lang.NullPointerException: Cannot invoke "org.openqa.selenium.WebDriver.manage()" because "this.driver" is null
at TestNG.LoginInstagramTest.LaunchBrowser(LoginInstagramTest.java:55)
at java.base/jdk.internal.reflect.DirectMethodHandleAccessor.invoke(DirectMethodHandleAccessor.java:104)
at java.base/java.lang.reflect.Method.invoke(Method.java:578)
at org.testng.internal.invokers.MethodInvocationHelper.invokeMethod(MethodInvocationHelper.java:139)
at org.testng.internal.invokers.MethodInvocationHelper.invokeMethodConsideringTimeout(MethodInvocationHelper.java:69)
at org.testng.internal.invokers.ConfigInvoker.invokeConfigurationMethod(ConfigInvoker.java:393)
at org.testng.internal.invokers.ConfigInvoker.invokeConfigurations(ConfigInvoker.java:326)
at org.testng.TestRunner.invokeTestConfigurations(TestRunner.java:661)
at org.testng.TestRunner.beforeRun(TestRunner.java:650)
at org.testng.TestRunner.run(TestRunner.java:612)
at org.testng.SuiteRunner.runTest(SuiteRunner.java:443)
at org.testng.SuiteRunner.runSequentially(SuiteRunner.java:437)
at org.testng.SuiteRunner.privateRun(SuiteRunner.java:397)
at org.testng.SuiteRunner.run(SuiteRunner.java:336)
at org.testng.SuiteRunnerWorker.runSuite(SuiteRunnerWorker.java:52)
at org.testng.SuiteRunnerWorker.run(SuiteRunnerWorker.java:95)
at org.testng.TestNG.runSuitesSequentially(TestNG.java:1301)
at org.testng.TestNG.runSuitesLocally(TestNG.java:1228)
at org.testng.TestNG.runSuites(TestNG.java:1134)
at org.testng.TestNG.run(TestNG.java:1101)
at org.testng.remote.AbstractRemoteTestNG.run(AbstractRemoteTestNG.java:115)
at org.testng.remote.RemoteTestNG.initAndRun(RemoteTestNG.java:251)
at org.testng.remote.RemoteTestNG.main(RemoteTestNG.java:77)
]]>
            </full-stacktrace>
          </exception> <!-- java.lang.NullPointerException -->
          <reporter-output>
          </reporter-output>
        </test-method> <!-- LaunchBrowser -->
        <test-method is-config="true" signature="beforeClass()[pri:0, instance:TestNG.LoginInstagramTest@131ef10]" started-at="2024-05-05T10:17:52 IST" name="beforeClass" finished-at="2024-05-05T10:17:52 IST" duration-ms="0" status="SKIP">
          <reporter-output>
          </reporter-output>
        </test-method> <!-- beforeClass -->
        <test-method signature="LoginInvalid(java.lang.String,java.lang.String)[pri:0, instance:TestNG.LoginInstagramTest@131ef10]" started-at="2024-05-05T10:17:52 IST" name="LoginInvalid" finished-at="2024-05-05T10:17:52 IST" duration-ms="0" status="FAIL">
          <exception class="org.testng.TestNGException">
            <message>
              <![CDATA[
Method public void TestNG.LoginInstagramTest.LoginInvalid(java.lang.String,java.lang.String) requires a @DataProvider named : LoginTestData.xlsx]]>
            </message>
            <full-stacktrace>
              <![CDATA[org.testng.TestNGException: 
Method public void TestNG.LoginInstagramTest.LoginInvalid(java.lang.String,java.lang.String) requires a @DataProvider named : LoginTestData.xlsx
at org.testng.internal.Parameters.findDataProvider(Parameters.java:535)
at org.testng.internal.Parameters.handleParameters(Parameters.java:772)
at org.testng.internal.Parameters.handleParameters(Parameters.java:737)
at org.testng.internal.invokers.ParameterHandler.handleParameters(ParameterHandler.java:72)
at org.testng.internal.invokers.ParameterHandler.createParameters(ParameterHandler.java:51)
at org.testng.internal.invokers.TestInvoker$MethodInvocationAgent.invoke(TestInvoker.java:915)
at org.testng.internal.invokers.TestInvoker.invokeTestMethods(TestInvoker.java:201)
at org.testng.internal.invokers.TestMethodWorker.invokeTestMethods(TestMethodWorker.java:148)
at org.testng.internal.invokers.TestMethodWorker.run(TestMethodWorker.java:128)
at java.base/java.util.concurrent.Executors$RunnableAdapter.call(Executors.java:577)
at java.base/java.util.concurrent.FutureTask.run(FutureTask.java:317)
at org.testng.internal.thread.graph.TestNGFutureTask.run(TestNGFutureTask.java:22)
at java.base/java.util.concurrent.ThreadPoolExecutor.runWorker(ThreadPoolExecutor.java:1144)
at java.base/java.util.concurrent.ThreadPoolExecutor$Worker.run(ThreadPoolExecutor.java:642)
at java.base/java.lang.Thread.run(Thread.java:1623)
]]>
            </full-stacktrace>
          </exception> <!-- org.testng.TestNGException -->
          <reporter-output>
          </reporter-output>
        </test-method> <!-- LoginInvalid -->
        <test-method signature="LoginValid(java.lang.String,java.lang.String)[pri:0, instance:TestNG.LoginInstagramTest@131ef10]" started-at="2024-05-05T10:17:52 IST" name="LoginValid" finished-at="2024-05-05T10:17:52 IST" duration-ms="0" status="FAIL">
          <exception class="org.testng.TestNGException">
            <message>
              <![CDATA[
Method public void TestNG.LoginInstagramTest.LoginValid(java.lang.String,java.lang.String) requires a @DataProvider named : LoginTestData.xlsx]]>
            </message>
            <full-stacktrace>
              <![CDATA[org.testng.TestNGException: 
Method public void TestNG.LoginInstagramTest.LoginValid(java.lang.String,java.lang.String) requires a @DataProvider named : LoginTestData.xlsx
at org.testng.internal.Parameters.findDataProvider(Parameters.java:535)
at org.testng.internal.Parameters.handleParameters(Parameters.java:772)
at org.testng.internal.Parameters.handleParameters(Parameters.java:737)
at org.testng.internal.invokers.ParameterHandler.handleParameters(ParameterHandler.java:72)
at org.testng.internal.invokers.ParameterHandler.createParameters(ParameterHandler.java:51)
at org.testng.internal.invokers.TestInvoker$MethodInvocationAgent.invoke(TestInvoker.java:915)
at org.testng.internal.invokers.TestInvoker.invokeTestMethods(TestInvoker.java:201)
at org.testng.internal.invokers.TestMethodWorker.invokeTestMethods(TestMethodWorker.java:148)
at org.testng.internal.invokers.TestMethodWorker.run(TestMethodWorker.java:128)
at java.base/java.util.concurrent.Executors$RunnableAdapter.call(Executors.java:577)
at java.base/java.util.concurrent.FutureTask.run(FutureTask.java:317)
at org.testng.internal.thread.graph.TestNGFutureTask.run(TestNGFutureTask.java:22)
at java.base/java.util.concurrent.ThreadPoolExecutor.runWorker(ThreadPoolExecutor.java:1144)
at java.base/java.util.concurrent.ThreadPoolExecutor$Worker.run(ThreadPoolExecutor.java:642)
at java.base/java.lang.Thread.run(Thread.java:1623)
]]>
            </full-stacktrace>
          </exception> <!-- org.testng.TestNGException -->
          <reporter-output>
          </reporter-output>
        </test-method> <!-- LoginValid -->
        <test-method is-config="true" signature="afterClass()[pri:0, instance:TestNG.LoginInstagramTest@131ef10]" started-at="2024-05-05T10:17:52 IST" name="afterClass" finished-at="2024-05-05T10:17:52 IST" duration-ms="0" status="SKIP">
          <reporter-output>
          </reporter-output>
        </test-method> <!-- afterClass -->
        <test-method is-config="true" signature="CloseBrowser()[pri:0, instance:TestNG.LoginInstagramTest@131ef10]" started-at="2024-05-05T10:17:52 IST" name="CloseBrowser" finished-at="2024-05-05T10:17:52 IST" duration-ms="0" status="SKIP">
          <reporter-output>
          </reporter-output>
        </test-method> <!-- CloseBrowser -->
      </class> <!-- TestNG.LoginInstagramTest -->
    </test> <!-- FireFox -->
    <test started-at="2024-05-05T10:17:52 IST" name="Edge" finished-at="2024-05-05T10:18:05 IST" duration-ms="13077">
      <class name="TestNG.LoginInstagramTest">
        <test-method is-config="true" signature="LaunchBrowser(java.lang.String)[pri:0, instance:TestNG.LoginInstagramTest@38afe297]" started-at="2024-05-05T10:17:52 IST" name="LaunchBrowser" finished-at="2024-05-05T10:18:02 IST" duration-ms="9440" status="PASS">
          <params>
            <param index="0">
              <value>
                <![CDATA[Edge]]>
              </value>
            </param>
          </params>
          <reporter-output>
          </reporter-output>
        </test-method> <!-- LaunchBrowser -->
        <test-method is-config="true" signature="beforeClass()[pri:0, instance:TestNG.LoginInstagramTest@38afe297]" started-at="2024-05-05T10:18:02 IST" name="beforeClass" finished-at="2024-05-05T10:18:02 IST" duration-ms="9" status="PASS">
          <reporter-output>
          </reporter-output>
        </test-method> <!-- beforeClass -->
        <test-method signature="LoginInvalid(java.lang.String,java.lang.String)[pri:0, instance:TestNG.LoginInstagramTest@38afe297]" started-at="2024-05-05T10:18:02 IST" name="LoginInvalid" finished-at="2024-05-05T10:18:02 IST" duration-ms="0" status="FAIL">
          <exception class="org.testng.TestNGException">
            <message>
              <![CDATA[
Method public void TestNG.LoginInstagramTest.LoginInvalid(java.lang.String,java.lang.String) requires a @DataProvider named : LoginTestData.xlsx]]>
            </message>
            <full-stacktrace>
              <![CDATA[org.testng.TestNGException: 
Method public void TestNG.LoginInstagramTest.LoginInvalid(java.lang.String,java.lang.String) requires a @DataProvider named : LoginTestData.xlsx
at org.testng.internal.Parameters.findDataProvider(Parameters.java:535)
at org.testng.internal.Parameters.handleParameters(Parameters.java:772)
at org.testng.internal.Parameters.handleParameters(Parameters.java:737)
at org.testng.internal.invokers.ParameterHandler.handleParameters(ParameterHandler.java:72)
at org.testng.internal.invokers.ParameterHandler.createParameters(ParameterHandler.java:51)
at org.testng.internal.invokers.TestInvoker$MethodInvocationAgent.invoke(TestInvoker.java:915)
at org.testng.internal.invokers.TestInvoker.invokeTestMethods(TestInvoker.java:201)
at org.testng.internal.invokers.TestMethodWorker.invokeTestMethods(TestMethodWorker.java:148)
at org.testng.internal.invokers.TestMethodWorker.run(TestMethodWorker.java:128)
at java.base/java.util.concurrent.Executors$RunnableAdapter.call(Executors.java:577)
at java.base/java.util.concurrent.FutureTask.run(FutureTask.java:317)
at org.testng.internal.thread.graph.TestNGFutureTask.run(TestNGFutureTask.java:22)
at java.base/java.util.concurrent.ThreadPoolExecutor.runWorker(ThreadPoolExecutor.java:1144)
at java.base/java.util.concurrent.ThreadPoolExecutor$Worker.run(ThreadPoolExecutor.java:642)
at java.base/java.lang.Thread.run(Thread.java:1623)
]]>
            </full-stacktrace>
          </exception> <!-- org.testng.TestNGException -->
          <reporter-output>
          </reporter-output>
        </test-method> <!-- LoginInvalid -->
        <test-method signature="LoginValid(java.lang.String,java.lang.String)[pri:0, instance:TestNG.LoginInstagramTest@38afe297]" started-at="2024-05-05T10:18:02 IST" name="LoginValid" finished-at="2024-05-05T10:18:02 IST" duration-ms="0" status="FAIL">
          <exception class="org.testng.TestNGException">
            <message>
              <![CDATA[
Method public void TestNG.LoginInstagramTest.LoginValid(java.lang.String,java.lang.String) requires a @DataProvider named : LoginTestData.xlsx]]>
            </message>
            <full-stacktrace>
              <![CDATA[org.testng.TestNGException: 
Method public void TestNG.LoginInstagramTest.LoginValid(java.lang.String,java.lang.String) requires a @DataProvider named : LoginTestData.xlsx
at org.testng.internal.Parameters.findDataProvider(Parameters.java:535)
at org.testng.internal.Parameters.handleParameters(Parameters.java:772)
at org.testng.internal.Parameters.handleParameters(Parameters.java:737)
at org.testng.internal.invokers.ParameterHandler.handleParameters(ParameterHandler.java:72)
at org.testng.internal.invokers.ParameterHandler.createParameters(ParameterHandler.java:51)
at org.testng.internal.invokers.TestInvoker$MethodInvocationAgent.invoke(TestInvoker.java:915)
at org.testng.internal.invokers.TestInvoker.invokeTestMethods(TestInvoker.java:201)
at org.testng.internal.invokers.TestMethodWorker.invokeTestMethods(TestMethodWorker.java:148)
at org.testng.internal.invokers.TestMethodWorker.run(TestMethodWorker.java:128)
at java.base/java.util.concurrent.Executors$RunnableAdapter.call(Executors.java:577)
at java.base/java.util.concurrent.FutureTask.run(FutureTask.java:317)
at org.testng.internal.thread.graph.TestNGFutureTask.run(TestNGFutureTask.java:22)
at java.base/java.util.concurrent.ThreadPoolExecutor.runWorker(ThreadPoolExecutor.java:1144)
at java.base/java.util.concurrent.ThreadPoolExecutor$Worker.run(ThreadPoolExecutor.java:642)
at java.base/java.lang.Thread.run(Thread.java:1623)
]]>
            </full-stacktrace>
          </exception> <!-- org.testng.TestNGException -->
          <reporter-output>
          </reporter-output>
        </test-method> <!-- LoginValid -->
        <test-method is-config="true" signature="afterClass()[pri:0, instance:TestNG.LoginInstagramTest@38afe297]" started-at="2024-05-05T10:18:02 IST" name="afterClass" finished-at="2024-05-05T10:18:02 IST" duration-ms="3" status="PASS">
          <reporter-output>
          </reporter-output>
        </test-method> <!-- afterClass -->
        <test-method is-config="true" signature="CloseBrowser()[pri:0, instance:TestNG.LoginInstagramTest@38afe297]" started-at="2024-05-05T10:18:02 IST" name="CloseBrowser" finished-at="2024-05-05T10:18:05 IST" duration-ms="3532" status="PASS">
          <reporter-output>
          </reporter-output>
        </test-method> <!-- CloseBrowser -->
      </class> <!-- TestNG.LoginInstagramTest -->
    </test> <!-- Edge -->
  </suite> <!-- InstagramSuite -->
</testng-results>
