<?xml version="1.0" encoding="UTF-8"?>
<!-- Generated by org.testng.reporters.JUnitXMLReporter -->
<testsuite ignored="0" hostname="DESKTOP-AV4D4UB" failures="0" tests="6" name="ChromeTest" time="34.823" errors="0" timestamp="2024-05-05T10:38:36 IST">
  <testcase classname="TestNG.FacebookSignupPage_Test" name="@BeforeMethod SignupButton" time="19.825">
    <failure type="java.lang.NullPointerException" message="Cannot invoke &amp;quot;POM.module.FacebookSignupPage.createAccount()&amp;quot; because &amp;quot;this.signup&amp;quot; is null">
      <![CDATA[java.lang.NullPointerException: Cannot invoke "POM.module.FacebookSignupPage.createAccount()" because "this.signup" is null
at TestNG.FacebookSignupPage_Test.SignupButton(FacebookSignupPage_Test.java:66)
at java.base/java.util.concurrent.Executors$RunnableAdapter.call(Executors.java:577)
at java.base/java.util.concurrent.FutureTask.run(FutureTask.java:317)
at java.base/java.util.concurrent.ThreadPoolExecutor.runWorker(ThreadPoolExecutor.java:1144)
at java.base/java.util.concurrent.ThreadPoolExecutor$Worker.run(ThreadPoolExecutor.java:642)
at java.base/java.lang.Thread.run(Thread.java:1623)
... Removed 15 stack frames]]>
    </failure>
  </testcase> <!-- @BeforeMethod SignupButton -->
  <testcase classname="TestNG.FacebookSignupPage_Test" name="@AfterMethod TakeScreenShots" time="0.0">
    <skipped/>
  </testcase> <!-- @AfterMethod TakeScreenShots -->
  <testcase classname="TestNG.FacebookSignupPage_Test" name="@BeforeMethod SignupButton" time="0.0">
    <skipped/>
  </testcase> <!-- @BeforeMethod SignupButton -->
  <testcase classname="TestNG.FacebookSignupPage_Test" name="@AfterMethod TakeScreenShots" time="0.0">
    <skipped/>
  </testcase> <!-- @AfterMethod TakeScreenShots -->
  <testcase classname="TestNG.FacebookSignupPage_Test" name="@AfterClass afterClass" time="0.0">
    <skipped/>
  </testcase> <!-- @AfterClass afterClass -->
  <testcase classname="TestNG.Facebook_ForgottenPassword" name="@BeforeMethod launchForgootenPassword" time="20.072">
    <failure type="org.openqa.selenium.TimeoutException" message="timeout: Timed out receiving message from renderer: 19.549
  (Session info: chrome=124.0.6367.119)
Build info: version: &amp;apos;4.20.0&amp;apos;, revision: &amp;apos;866c76ca80&amp;apos;
System info: os.name: &amp;apos;Windows 10&amp;apos;, os.arch: &amp;apos;amd64&amp;apos;, os.version: &amp;apos;10.0&amp;apos;, java.version: &amp;apos;20.0.1&amp;apos;
Driver info: org.openqa.selenium.chrome.ChromeDriver
Command: [8cdee60d81e01f59ff4a6fd1db094c22, get {url=https://www.facebook.com/}]
Capabilities {acceptInsecureCerts: false, browserName: chrome, browserVersion: 124.0.6367.119, chrome: {chromedriverVersion: 124.0.6367.91 (51df0e5e17a8..., userDataDir: C:\Users\CW\AppData\Local\T...}, fedcm:accounts: true, goog:chromeOptions: {debuggerAddress: localhost:59199}, networkConnectionEnabled: false, pageLoadStrategy: normal, platformName: windows, proxy: Proxy(), se:cdp: ws://localhost:59199/devtoo..., se:cdpVersion: 124.0.6367.119, setWindowRect: true, strictFileInteractability: false, timeouts: {implicit: 0, pageLoad: 300000, script: 30000}, unhandledPromptBehavior: dismiss and notify, webauthn:extension:credBlob: true, webauthn:extension:largeBlob: true, webauthn:extension:minPinLength: true, webauthn:extension:prf: true, webauthn:virtualAuthenticators: true}
Session ID: 8cdee60d81e01f59ff4a6fd1db094c22">
      <![CDATA[org.openqa.selenium.TimeoutException: timeout: Timed out receiving message from renderer: 19.549
  (Session info: chrome=124.0.6367.119)
Build info: version: '4.20.0', revision: '866c76ca80'
System info: os.name: 'Windows 10', os.arch: 'amd64', os.version: '10.0', java.version: '20.0.1'
Driver info: org.openqa.selenium.chrome.ChromeDriver
Command: [8cdee60d81e01f59ff4a6fd1db094c22, get {url=https://www.facebook.com/}]
Capabilities {acceptInsecureCerts: false, browserName: chrome, browserVersion: 124.0.6367.119, chrome: {chromedriverVersion: 124.0.6367.91 (51df0e5e17a8..., userDataDir: C:\Users\CW\AppData\Local\T...}, fedcm:accounts: true, goog:chromeOptions: {debuggerAddress: localhost:59199}, networkConnectionEnabled: false, pageLoadStrategy: normal, platformName: windows, proxy: Proxy(), se:cdp: ws://localhost:59199/devtoo..., se:cdpVersion: 124.0.6367.119, setWindowRect: true, strictFileInteractability: false, timeouts: {implicit: 0, pageLoad: 300000, script: 30000}, unhandledPromptBehavior: dismiss and notify, webauthn:extension:credBlob: true, webauthn:extension:largeBlob: true, webauthn:extension:minPinLength: true, webauthn:extension:prf: true, webauthn:virtualAuthenticators: true}
Session ID: 8cdee60d81e01f59ff4a6fd1db094c22
at org.openqa.selenium.remote.ErrorCodec.decode(ErrorCodec.java:167)
at org.openqa.selenium.remote.codec.w3c.W3CHttpResponseCodec.decode(W3CHttpResponseCodec.java:138)
at org.openqa.selenium.remote.codec.w3c.W3CHttpResponseCodec.decode(W3CHttpResponseCodec.java:50)
at org.openqa.selenium.remote.HttpCommandExecutor.execute(HttpCommandExecutor.java:190)
at org.openqa.selenium.remote.service.DriverCommandExecutor.invokeExecute(DriverCommandExecutor.java:216)
at org.openqa.selenium.remote.service.DriverCommandExecutor.execute(DriverCommandExecutor.java:174)
at org.openqa.selenium.remote.RemoteWebDriver.execute(RemoteWebDriver.java:518)
at org.openqa.selenium.remote.RemoteWebDriver.get(RemoteWebDriver.java:300)
at TestNG.Facebook_ForgottenPassword.launchForgootenPassword(Facebook_ForgottenPassword.java:59)
at java.base/java.util.concurrent.Executors$RunnableAdapter.call(Executors.java:577)
at java.base/java.util.concurrent.FutureTask.run(FutureTask.java:317)
at java.base/java.util.concurrent.ThreadPoolExecutor.runWorker(ThreadPoolExecutor.java:1144)
at java.base/java.util.concurrent.ThreadPoolExecutor$Worker.run(ThreadPoolExecutor.java:642)
at java.base/java.lang.Thread.run(Thread.java:1623)
... Removed 18 stack frames]]>
    </failure>
  </testcase> <!-- @BeforeMethod launchForgootenPassword -->
  <testcase classname="TestNG.Facebook_ForgottenPassword" name="@AfterMethod afterMethod" time="0.0">
    <skipped/>
  </testcase> <!-- @AfterMethod afterMethod -->
  <testcase classname="TestNG.Facebook_ForgottenPassword" name="@BeforeMethod launchForgootenPassword" time="0.0">
    <skipped/>
  </testcase> <!-- @BeforeMethod launchForgootenPassword -->
  <testcase classname="TestNG.Facebook_ForgottenPassword" name="@AfterMethod afterMethod" time="0.0">
    <skipped/>
  </testcase> <!-- @AfterMethod afterMethod -->
  <testcase classname="TestNG.Facebook_ForgottenPassword" name="@BeforeMethod launchForgootenPassword" time="0.0">
    <skipped/>
  </testcase> <!-- @BeforeMethod launchForgootenPassword -->
  <testcase classname="TestNG.Facebook_ForgottenPassword" name="@AfterMethod afterMethod" time="0.0">
    <skipped/>
  </testcase> <!-- @AfterMethod afterMethod -->
  <testcase classname="TestNG.Facebook_ForgottenPassword" name="@BeforeMethod launchForgootenPassword" time="0.0">
    <skipped/>
  </testcase> <!-- @BeforeMethod launchForgootenPassword -->
  <testcase classname="TestNG.Facebook_ForgottenPassword" name="@AfterMethod afterMethod" time="0.0">
    <skipped/>
  </testcase> <!-- @AfterMethod afterMethod -->
  <testcase classname="TestNG.Facebook_ForgottenPassword" name="@AfterClass afterClass" time="0.0">
    <skipped/>
  </testcase> <!-- @AfterClass afterClass -->
  <testcase classname="TestNG.FacebookSignupPage_Test" name="@AfterTest CloseBrowser" time="0.0">
    <skipped/>
  </testcase> <!-- @AfterTest CloseBrowser -->
  <testcase classname="TestNG.Facebook_ForgottenPassword" name="@AfterTest CloseBrowser" time="0.0">
    <skipped/>
  </testcase> <!-- @AfterTest CloseBrowser -->
  <testcase classname="TestNG.FacebookSignupPage_Test" name="VerifySignupPageforMale" time="0.001">
    <skipped/>
  </testcase> <!-- VerifySignupPageforMale -->
  <testcase classname="TestNG.FacebookSignupPage_Test" name="VerifySignupforFemale" time="0.001">
    <skipped/>
  </testcase> <!-- VerifySignupforFemale -->
  <testcase classname="TestNG.Facebook_ForgottenPassword" name="VerifyPasswordWithValidEmail" time="0.0">
    <skipped/>
  </testcase> <!-- VerifyPasswordWithValidEmail -->
  <testcase classname="TestNG.Facebook_ForgottenPassword" name="VerifyPasswordWithinvalidEmail" time="0.001">
    <skipped/>
  </testcase> <!-- VerifyPasswordWithinvalidEmail -->
  <testcase classname="TestNG.Facebook_ForgottenPassword" name="VerifyPasswordWithValidEmail1" time="0.0">
    <skipped/>
  </testcase> <!-- VerifyPasswordWithValidEmail1 -->
  <testcase classname="TestNG.Facebook_ForgottenPassword" name="VerifyPasswordWithinvalidEmail1" time="0.0">
    <skipped/>
  </testcase> <!-- VerifyPasswordWithinvalidEmail1 -->
</testsuite> <!-- ChromeTest -->
